2025-11-08 11:08:48,025 - bookmypg - INFO - Request: OPTIONS /api/auth/signup
2025-11-08 11:08:48,027 - bookmypg - INFO - Response: 200 - 0.002s
2025-11-08 11:08:48,032 - bookmypg - INFO - Request: POST /api/auth/signup
2025-11-08 15:56:03 [INFO]: Server running on port 5000
2025-11-08 15:56:21 [INFO]: GET /api
2025-11-08 15:56:28 [INFO]: GET /api
2025-11-08 16:02:06 [INFO]: Server running on port 5000
2025-11-08 20:13:01 [INFO]: Server running on port 5000
2025-11-08 20:13:53 [INFO]: Server running on port 5000
2025-11-08 21:14:26 [INFO]: Server running on port 5000
2025-11-08 21:27:51 [INFO]: Server running on port 5000
2025-11-08 21:36:03 [INFO]: Server running on port 5000
2025-11-08 22:09:24 [INFO]: Server running on port 5000
2025-11-08 22:12:39 [INFO]: Server running on port 5000
2025-11-08 22:14:15 [INFO]: Server running on port 5000
2025-11-08 22:25:33 [INFO]: Server running on port 5000
2025-11-08 22:27:36 [INFO]: Server running on port 5000
2025-11-08 22:30:51 [INFO]: Server running on port 5000
2025-11-08 22:31:15 [INFO]: Server running on port 5000
2025-11-08 22:34:50 [INFO]: Server running on port 5000
2025-11-08 22:35:55 [INFO]: Server running on port 5000
2025-11-08 23:07:25 [INFO]: Server running on port 5000
2025-11-08 23:08:10 [INFO]: Server running on port 5000
2025-11-08 23:11:18 [INFO]: Server running on port 5000
2025-11-08 23:12:23 [INFO]: Server running on port 5000
2025-11-08 23:13:07 [INFO]: Server running on port 5000
2025-11-08 23:21:32 [INFO]: Server running on port 5000
2025-11-08 23:27:26 [INFO]: Server running on port 5000
2025-11-09 16:21:15 [INFO]: Server running on port 5000
2025-11-09 16:23:26 [INFO]: Server running on port 5000
2025-11-09 16:40:37 [INFO]: Server running on port 5000
2025-11-09 16:42:26 [INFO]: POST /api/auth/signup
2025-11-09 16:42:32 [INFO]: POST /api/auth/signup
2025-11-09 16:42:38 [INFO]: POST /api/auth/signup
2025-11-09 16:42:44 [INFO]: POST /api/auth/signup
2025-11-09 16:43:42 [INFO]: POST /api/auth/login
2025-11-09 16:43:50 [INFO]: POST /api/auth/login
2025-11-09 16:43:58 [INFO]: GET /health
2025-11-11 22:52:22 [INFO]: Server running on port 5000
2025-11-11 22:53:38 [INFO]: Server running on port 5000
2025-11-11 22:54:34 [INFO]: POST /api/auth/signup
2025-11-11 22:56:50 [INFO]: GET /api/pgs
2025-11-11 22:56:50 [INFO]: GET /api/pgs
2025-11-11 22:57:12 [INFO]: POST /api/auth/login
2025-11-11 22:57:55 [INFO]: POST /api/auth/signup
2025-11-11 23:37:46 [INFO]: GET /api/pgs
2025-11-11 23:37:46 [INFO]: GET /api/pgs
2025-11-12 22:13:38 [INFO]: Server running on port 5000
2025-11-12 22:15:23 [INFO]: GET /api/pgs
2025-11-12 22:15:24 [INFO]: GET /api/pgs
2025-11-12 22:15:39 [INFO]: POST /api/auth/login
2025-11-12 22:15:49 [INFO]: GET /api/pgs
2025-11-12 22:15:49 [INFO]: GET /api/pgs
2025-11-12 22:15:55 [INFO]: POST /api/auth/login
2025-11-12 22:16:23 [INFO]: POST /api/auth/login
2025-11-12 22:16:38 [INFO]: POST /api/auth/login
2025-11-12 22:17:00 [INFO]: GET /api/pgs
2025-11-12 22:17:00 [INFO]: GET /api/pgs
2025-11-12 22:17:04 [INFO]: GET /api/pgs
2025-11-12 22:17:04 [INFO]: GET /api/pgs
2025-11-12 22:25:41 [INFO]: POST /api/auth/login
2025-11-12 22:25:54 [INFO]: GET /api/pgs
2025-11-12 22:25:54 [INFO]: GET /api/pgs
2025-11-12 22:26:07 [INFO]: GET /api/pgs
2025-11-12 22:26:07 [INFO]: GET /api/pgs
2025-11-12 22:26:34 [INFO]: POST /api/auth/login
2025-11-12 22:27:01 [INFO]: POST /api/auth/login
2025-11-12 22:27:43 [INFO]: POST /api/auth/login
2025-11-12 22:27:57 [INFO]: POST /api/auth/login
2025-11-12 22:30:07 [INFO]: POST /api/auth/login
2025-11-12 22:30:49 [INFO]: GET /api/user/bookings
2025-11-12 22:30:49 [INFO]: GET /api/user/bookings
2025-11-12 22:31:20 [INFO]: GET /api/pgs
2025-11-12 22:31:20 [INFO]: GET /api/pgs
2025-11-12 23:15:06 [INFO]: POST /api/auth/login
2025-11-12 23:15:37 [INFO]: POST /api/auth/login
2025-11-12 23:20:36 [INFO]: POST /api/auth/login
2025-11-12 23:22:38 [INFO]: GET /api/pgs
2025-11-12 23:22:38 [INFO]: GET /api/pgs
2025-11-12 23:22:41 [INFO]: GET /api/user/bookings
2025-11-12 23:22:42 [INFO]: GET /api/user/bookings
2025-11-12 23:23:34 [INFO]: GET /api/pgs
2025-11-12 23:23:34 [INFO]: GET /api/pgs
2025-11-12 23:23:53 [INFO]: POST /api/auth/login
2025-11-12 23:24:09 [INFO]: POST /api/auth/login
2025-11-12 23:24:43 [INFO]: POST /api/auth/login
2025-11-12 23:24:57 [INFO]: GET /api/pgs/1
2025-11-12 23:24:57 [INFO]: GET /api/pgs/1
2025-11-12 23:24:58 [INFO]: GET /api/pgs/1
2025-11-12 23:24:58 [INFO]: GET /api/pgs/1
2025-11-12 23:25:00 [INFO]: GET /api/pgs
2025-11-12 23:25:00 [INFO]: GET /api/pgs
2025-11-12 23:32:24 [INFO]: GET /api/pgs/2
2025-11-12 23:32:24 [INFO]: GET /api/pgs/2
2025-11-12 23:32:25 [INFO]: GET /api/pgs/2
2025-11-12 23:32:25 [INFO]: GET /api/pgs/2
2025-11-12 23:32:28 [INFO]: GET /api/pgs
2025-11-12 23:32:28 [INFO]: GET /api/pgs
2025-11-12 23:32:36 [INFO]: GET /api/pgs/3
2025-11-12 23:32:36 [INFO]: GET /api/pgs/3
2025-11-12 23:32:37 [INFO]: GET /api/pgs/3
2025-11-12 23:32:37 [INFO]: GET /api/pgs/3
2025-11-12 23:32:38 [INFO]: GET /api/pgs
2025-11-12 23:32:39 [INFO]: GET /api/pgs
2025-11-12 23:32:42 [INFO]: GET /api/owner/pgs
2025-11-12 23:32:42 [INFO]: GET /api/owner/bookings
2025-11-12 23:32:42 [INFO]: GET /api/owner/pgs
2025-11-12 23:32:42 [INFO]: GET /api/owner/bookings
2025-11-12 23:33:56 [INFO]: GET /api/owner/pgs
2025-11-12 23:33:56 [INFO]: GET /api/owner/bookings
2025-11-12 23:33:56 [INFO]: GET /api/owner/pgs
2025-11-12 23:33:56 [INFO]: GET /api/owner/bookings
2025-11-12 23:38:28 [INFO]: GET /api/pgs
2025-11-12 23:38:28 [INFO]: GET /api/pgs
2025-11-12 23:38:48 [INFO]: GET /api/pgs/:id
2025-11-12 23:38:48 [INFO]: GET /api/pgs/:id
2025-11-12 23:38:49 [INFO]: GET /api/pgs/:id
2025-11-12 23:38:49 [INFO]: GET /api/pgs/:id
2025-11-12 23:38:51 [INFO]: GET /api/pgs
2025-11-12 23:38:51 [INFO]: GET /api/pgs
2025-11-12 23:39:20 [INFO]: POST /api/auth/login
2025-11-12 23:39:29 [INFO]: GET /api/user/bookings
2025-11-12 23:39:29 [INFO]: GET /api/user/bookings
2025-11-12 23:40:04 [INFO]: POST /api/auth/login
2025-11-12 23:40:11 [INFO]: GET /api/owner/pgs
2025-11-12 23:40:11 [INFO]: GET /api/owner/bookings
2025-11-12 23:40:11 [INFO]: GET /api/owner/pgs
2025-11-12 23:40:11 [INFO]: GET /api/owner/bookings
2025-11-12 23:44:15 [INFO]: GET /api/owner/pgs
2025-11-12 23:44:15 [INFO]: GET /api/owner/bookings
2025-11-12 23:44:22 [INFO]: GET /api/owner/pgs
2025-11-12 23:44:22 [INFO]: GET /api/owner/bookings
2025-11-12 23:44:22 [INFO]: GET /api/owner/pgs
2025-11-12 23:44:22 [INFO]: GET /api/owner/bookings
2025-11-14 22:50:04 [INFO]: Server running on port 5000
2025-11-14 22:52:11 [INFO]: Server running on port 5000
2025-11-14 22:53:58 [INFO]: POST /api/auth/login
2025-11-14 22:54:08 [INFO]: GET /api/pgs
2025-11-14 22:54:08 [INFO]: GET /api/pgs
2025-11-14 22:54:12 [INFO]: GET /api/pgs
2025-11-14 22:54:12 [INFO]: GET /api/pgs
2025-11-14 22:54:30 [INFO]: POST /api/auth/login
2025-11-14 22:54:47 [INFO]: GET /api/owner/pgs
2025-11-14 22:54:47 [INFO]: GET /api/owner/bookings
2025-11-14 22:54:47 [INFO]: GET /api/owner/pgs
2025-11-14 22:54:47 [INFO]: GET /api/owner/bookings
2025-11-14 22:58:27 [INFO]: GET /api/owner/pgs
2025-11-14 22:58:27 [INFO]: GET /api/owner/bookings
2025-11-14 22:58:30 [INFO]: GET /api/owner/pgs
2025-11-14 22:58:30 [INFO]: GET /api/owner/bookings
2025-11-14 22:58:30 [INFO]: GET /api/owner/pgs
2025-11-14 22:58:30 [INFO]: GET /api/owner/bookings
2025-11-14 23:09:02 [INFO]: GET /api/owner/pgs
2025-11-14 23:09:02 [INFO]: GET /api/owner/bookings
2025-11-14 23:09:05 [INFO]: GET /api/owner/pgs
2025-11-14 23:09:05 [INFO]: GET /api/owner/bookings
2025-11-14 23:09:05 [INFO]: GET /api/owner/pgs
2025-11-14 23:09:05 [INFO]: GET /api/owner/bookings
2025-11-17 18:37:15 [INFO]: Server running on port 5000
2025-11-17 18:37:52 [INFO]: Server running on port 5000
2025-11-17 18:38:57 [INFO]: POST /api/auth/signup
2025-11-17 18:39:44 [INFO]: POST /api/auth/login
2025-11-17 18:59:32 [INFO]: GET /api/pgs
2025-11-17 18:59:32 [INFO]: GET /api/pgs
2025-11-17 18:59:47 [INFO]: GET /api/pgs
2025-11-17 18:59:47 [INFO]: GET /api/pgs
2025-11-17 19:28:40 [INFO]: GET /api/user/bookings
2025-11-17 19:28:40 [INFO]: GET /api/user/bookings
2025-11-17 19:29:19 [INFO]: GET /api/user/bookings
2025-11-17 19:29:49 [INFO]: GET /api/user/bookings
2025-11-17 19:29:49 [INFO]: GET /api/user/bookings
2025-11-17 19:42:04 [INFO]: GET /api/user/bookings
2025-11-17 19:42:04 [INFO]: GET /api/user/bookings
2025-11-17 20:24:29 [INFO]: POST /api/auth/login
2025-11-17 20:24:38 [INFO]: GET /api/owner/pgs
2025-11-17 20:24:38 [INFO]: GET /api/owner/bookings
2025-11-17 20:24:38 [INFO]: GET /api/owner/pgs
2025-11-17 20:24:38 [INFO]: GET /api/owner/bookings
2025-11-17 20:28:37 [INFO]: GET /api/owner/pgs
2025-11-17 20:28:37 [INFO]: GET /api/owner/bookings
2025-11-17 20:28:43 [INFO]: GET /api/owner/pgs
2025-11-17 20:28:43 [INFO]: GET /api/owner/bookings
2025-11-17 20:28:43 [INFO]: GET /api/owner/pgs
2025-11-17 20:28:43 [INFO]: GET /api/owner/bookings
2025-11-17 20:31:35 [INFO]: GET /api/owner/pgs
2025-11-17 20:31:35 [INFO]: GET /api/owner/bookings
2025-11-17 20:31:35 [INFO]: GET /api/owner/pgs
2025-11-17 20:31:35 [INFO]: GET /api/owner/bookings
2025-11-17 20:32:36 [INFO]: POST /api/auth/login
2025-11-17 20:35:49 [INFO]: GET /api/owner/pgs
2025-11-17 20:35:49 [INFO]: GET /api/owner/bookings
2025-11-17 20:35:49 [INFO]: GET /api/owner/pgs
2025-11-17 20:35:49 [INFO]: GET /api/owner/bookings
2025-11-17 20:35:54 [INFO]: GET /api/owner/pgs
2025-11-17 20:35:54 [INFO]: GET /api/owner/bookings
2025-11-17 20:35:56 [INFO]: GET /api/owner/pgs
2025-11-17 20:35:56 [INFO]: GET /api/owner/bookings
2025-11-17 20:35:56 [INFO]: GET /api/owner/pgs
2025-11-17 20:35:56 [INFO]: GET /api/owner/bookings
2025-11-17 20:37:58 [INFO]: GET /api/owner/pgs
2025-11-17 20:37:58 [INFO]: GET /api/owner/bookings
2025-11-17 20:38:01 [INFO]: GET /api/owner/pgs
2025-11-17 20:38:01 [INFO]: GET /api/owner/bookings
2025-11-17 20:38:01 [INFO]: GET /api/owner/pgs
2025-11-17 20:38:01 [INFO]: GET /api/owner/bookings
2025-11-17 20:38:56 [INFO]: GET /api/pgs/1
2025-11-17 20:38:56 [INFO]: GET /api/pgs/1
2025-11-17 20:38:57 [INFO]: GET /api/pgs/1
2025-11-17 20:38:57 [INFO]: GET /api/pgs/1
2025-11-17 20:38:59 [INFO]: GET /api/pgs
2025-11-17 20:38:59 [INFO]: GET /api/pgs
2025-11-17 20:39:34 [INFO]: GET /api/pgs/1
2025-11-17 20:39:34 [INFO]: GET /api/pgs/1
2025-11-17 20:39:35 [INFO]: GET /api/pgs/1
2025-11-17 20:39:35 [INFO]: GET /api/pgs/1
2025-11-17 20:39:48 [INFO]: GET /api/pgs
2025-11-17 20:39:48 [INFO]: GET /api/pgs
2025-11-17 20:40:22 [INFO]: POST /api/auth/login
2025-11-17 20:41:03 [INFO]: GET /api/owner/pgs
2025-11-17 20:41:03 [INFO]: GET /api/owner/bookings
2025-11-17 20:41:03 [INFO]: GET /api/owner/pgs
2025-11-17 20:41:03 [INFO]: GET /api/owner/bookings
2025-11-17 20:47:27 [INFO]: GET /api/owner/pgs
2025-11-17 20:47:27 [INFO]: GET /api/owner/bookings
2025-11-17 20:47:27 [INFO]: GET /api/owner/pgs
2025-11-17 20:47:27 [INFO]: GET /api/owner/bookings
2025-11-17 21:04:41 [INFO]: GET /api/owner/pgs
2025-11-17 21:04:41 [INFO]: GET /api/owner/bookings
2025-11-17 21:04:47 [INFO]: GET /api/owner/pgs
2025-11-17 21:04:47 [INFO]: GET /api/owner/bookings
2025-11-17 21:04:47 [INFO]: GET /api/owner/pgs
2025-11-17 21:04:47 [INFO]: GET /api/owner/bookings
2025-11-17 21:26:10 [INFO]: GET /api/owner/pgs
2025-11-17 21:26:10 [INFO]: GET /api/owner/bookings
2025-11-17 21:26:19 [INFO]: GET /api/owner/pgs
2025-11-17 21:26:19 [INFO]: GET /api/owner/bookings
2025-11-17 21:26:19 [INFO]: GET /api/owner/pgs
2025-11-17 21:26:19 [INFO]: GET /api/owner/bookings
2025-11-17 21:27:28 [INFO]: POST /api/pgs
2025-11-17 21:27:28 [INFO]: GET /api/owner/pgs
2025-11-17 21:27:54 [INFO]: GET /api/owner/pgs
2025-11-17 21:27:54 [INFO]: GET /api/owner/bookings
2025-11-17 21:28:01 [INFO]: GET /api/owner/pgs
2025-11-17 21:28:01 [INFO]: GET /api/owner/bookings
2025-11-17 21:28:01 [INFO]: GET /api/owner/pgs
2025-11-17 21:28:01 [INFO]: GET /api/owner/bookings
2025-11-17 21:28:49 [INFO]: POST /api/pgs
2025-11-17 21:28:50 [INFO]: GET /api/owner/pgs
2025-11-17 21:32:51 [INFO]: GET /api/owner/pgs
2025-11-17 21:32:51 [INFO]: GET /api/owner/bookings
2025-11-17 21:32:54 [INFO]: GET /api/owner/pgs
2025-11-17 21:32:54 [INFO]: GET /api/owner/bookings
2025-11-17 21:32:54 [INFO]: GET /api/owner/pgs
2025-11-17 21:32:54 [INFO]: GET /api/owner/bookings
2025-11-17 21:33:40 [INFO]: POST /api/pgs
2025-11-17 21:33:41 [INFO]: GET /api/owner/pgs
2025-11-18 21:27:24 [INFO]: Server running on port 5000
2025-11-18 21:36:35 [INFO]: GET /api/owner/pgs
2025-11-18 21:36:35 [INFO]: GET /api/owner/bookings
2025-11-18 21:37:11 [INFO]: GET /api/owner/pgs
2025-11-18 21:37:11 [INFO]: GET /api/owner/bookings
2025-11-18 21:37:11 [INFO]: GET /api/owner/pgs
2025-11-18 21:37:11 [INFO]: GET /api/owner/bookings
2025-11-18 21:38:04 [INFO]: POST /api/pgs
2025-11-18 21:38:04 [INFO]: GET /api/owner/pgs
2025-11-18 21:44:48 [INFO]: GET /api/owner/pgs
2025-11-18 21:44:48 [INFO]: GET /api/owner/bookings
2025-11-18 21:44:52 [INFO]: GET /api/owner/pgs
2025-11-18 21:44:52 [INFO]: GET /api/owner/bookings
2025-11-18 21:44:52 [INFO]: GET /api/owner/pgs
2025-11-18 21:44:52 [INFO]: GET /api/owner/bookings
2025-11-18 21:45:45 [INFO]: POST /api/pgs
2025-11-18 21:45:45 [INFO]: GET /api/owner/pgs
2025-11-18 23:08:50 [INFO]: GET /api/owner/pgs
2025-11-18 23:08:50 [INFO]: GET /api/owner/bookings
2025-11-18 23:08:53 [INFO]: GET /api/owner/pgs
2025-11-18 23:08:53 [INFO]: GET /api/owner/bookings
2025-11-18 23:08:53 [INFO]: GET /api/owner/pgs
2025-11-18 23:08:53 [INFO]: GET /api/owner/bookings
2025-11-18 23:09:36 [INFO]: POST /api/pgs
2025-11-18 23:09:38 [INFO]: GET /api/owner/pgs
2025-11-18 23:15:19 [INFO]: GET /api/owner/pgs
2025-11-18 23:15:19 [INFO]: GET /api/owner/bookings
2025-11-18 23:15:23 [INFO]: GET /api/owner/pgs
2025-11-18 23:15:23 [INFO]: GET /api/owner/bookings
2025-11-18 23:15:23 [INFO]: GET /api/owner/pgs
2025-11-18 23:15:23 [INFO]: GET /api/owner/bookings
2025-11-18 23:16:10 [INFO]: POST /api/pgs
2025-11-18 23:16:10 [INFO]: GET /api/owner/pgs
2025-11-18 23:17:16 [INFO]: GET /api/owner/pgs
2025-11-18 23:17:16 [INFO]: GET /api/owner/bookings
2025-11-18 23:17:19 [INFO]: GET /api/owner/pgs
2025-11-18 23:17:19 [INFO]: GET /api/owner/bookings
2025-11-18 23:17:19 [INFO]: GET /api/owner/pgs
2025-11-18 23:17:19 [INFO]: GET /api/owner/bookings
2025-11-18 23:17:55 [INFO]: POST /api/pgs
2025-11-18 23:17:55 [INFO]: GET /api/owner/pgs
2025-11-18 23:18:57 [INFO]: GET /api/owner/pgs
2025-11-18 23:18:57 [INFO]: GET /api/owner/bookings
2025-11-18 23:19:14 [INFO]: GET /api/owner/pgs
2025-11-18 23:19:14 [INFO]: GET /api/owner/bookings
2025-11-18 23:19:14 [INFO]: GET /api/owner/pgs
2025-11-18 23:19:14 [INFO]: GET /api/owner/bookings
2025-11-18 23:19:41 [INFO]: POST /api/pgs
2025-11-18 23:19:41 [INFO]: GET /api/owner/pgs
2025-11-18 23:21:06 [INFO]: GET /api/owner/pgs
2025-11-18 23:21:06 [INFO]: GET /api/owner/bookings
2025-11-18 23:51:11 [INFO]: GET /api/owner/pgs
2025-11-18 23:51:11 [INFO]: GET /api/owner/bookings
2025-11-18 23:51:11 [INFO]: GET /api/owner/pgs
2025-11-18 23:51:11 [INFO]: GET /api/owner/bookings
2025-11-18 23:51:57 [INFO]: POST /api/pgs
2025-11-18 23:51:57 [INFO]: GET /api/owner/pgs
2025-11-18 23:54:43 [INFO]: GET /api/owner/pgs
2025-11-18 23:54:43 [INFO]: GET /api/owner/bookings
2025-11-18 23:57:10 [INFO]: GET /api/owner/pgs
2025-11-18 23:57:10 [INFO]: GET /api/owner/bookings
2025-11-18 23:57:10 [INFO]: GET /api/owner/pgs
2025-11-18 23:57:10 [INFO]: GET /api/owner/bookings
2025-11-18 23:57:53 [INFO]: POST /api/pgs
2025-11-18 23:57:53 [INFO]: GET /api/owner/pgs
2025-11-19 00:01:46 [INFO]: GET /api/owner/pgs
2025-11-19 00:01:46 [INFO]: GET /api/owner/bookings
2025-11-19 00:04:50 [INFO]: GET /api/owner/pgs
2025-11-19 00:04:50 [INFO]: GET /api/owner/bookings
2025-11-19 00:04:50 [INFO]: GET /api/owner/pgs
2025-11-19 00:04:50 [INFO]: GET /api/owner/bookings
2025-11-19 00:05:24 [INFO]: POST /api/pgs
2025-11-19 00:05:24 [INFO]: GET /api/owner/pgs
2025-11-19 15:19:31 [INFO]: Server running on port 5000
2025-11-19 15:20:35 [INFO]: Server running on port 5000
2025-11-19 15:21:34 [INFO]: GET /api/owner/pgs
2025-11-19 15:21:34 [INFO]: GET /api/owner/bookings
2025-11-19 15:21:34 [INFO]: LEGACY /api/owner/pgs HIT for user 6913721b71ca5a4fc82f4912
2025-11-19 15:21:34 [INFO]: LEGACY /api/owner/bookings HIT for user 6913721b71ca5a4fc82f4912
2025-11-19 15:21:34 [INFO]: GET /api/owner/pgs
2025-11-19 15:21:34 [INFO]: GET /api/owner/bookings
2025-11-19 15:21:34 [INFO]: LEGACY /api/owner/pgs HIT for user 6913721b71ca5a4fc82f4912
2025-11-19 15:21:34 [INFO]: LEGACY /api/owner/bookings HIT for user 6913721b71ca5a4fc82f4912
2025-11-19 15:22:00 [INFO]: GET /api/owner/pgs
2025-11-19 15:22:00 [INFO]: GET /api/owner/bookings
2025-11-19 15:22:00 [INFO]: LEGACY /api/owner/pgs HIT for user 6913721b71ca5a4fc82f4912
2025-11-19 15:22:00 [INFO]: LEGACY /api/owner/bookings HIT for user 6913721b71ca5a4fc82f4912
2025-11-19 15:22:00 [INFO]: GET /api/owner/pgs
2025-11-19 15:22:01 [INFO]: GET /api/owner/bookings
2025-11-19 15:22:01 [INFO]: LEGACY /api/owner/pgs HIT for user 6913721b71ca5a4fc82f4912
2025-11-19 15:22:01 [INFO]: LEGACY /api/owner/bookings HIT for user 6913721b71ca5a4fc82f4912
2025-11-19 15:22:22 [INFO]: PUT /api/pgs/undefined
2025-11-19 15:22:23 [INFO]: PUT /api/pgs/undefined
2025-11-19 15:22:55 [INFO]: DELETE /api/pgs/undefined
2025-11-19 15:22:56 [INFO]: DELETE /api/pgs/undefined
2025-11-19 15:28:43 [INFO]: POST /api/auth/login
2025-11-19 15:28:49 [INFO]: GET /api/pgs
2025-11-19 15:28:50 [INFO]: GET /api/pgs
2025-11-19 15:30:02 [INFO]: GET /api/pgs/undefined
2025-11-19 15:30:02 [INFO]: GET /api/pgs/undefined
2025-11-19 15:30:03 [INFO]: GET /api/pgs/undefined
2025-11-19 15:30:03 [INFO]: GET /api/pgs/undefined
2025-11-19 15:30:07 [INFO]: GET /api/pgs
2025-11-19 15:30:07 [INFO]: GET /api/pgs
2025-11-19 15:30:16 [INFO]: GET /api/pgs/undefined
2025-11-19 15:30:16 [INFO]: GET /api/pgs/undefined
2025-11-19 15:30:18 [INFO]: GET /api/pgs
2025-11-19 15:30:18 [INFO]: GET /api/pgs
2025-11-19 15:30:19 [INFO]: GET /api/pgs/undefined
2025-11-19 15:30:19 [INFO]: GET /api/pgs/undefined
2025-11-19 15:30:23 [INFO]: GET /api/pgs
2025-11-19 15:30:23 [INFO]: GET /api/pgs
2025-11-19 15:30:32 [INFO]: GET /api/user/bookings
2025-11-19 15:30:32 [INFO]: GET /api/user/bookings
2025-11-19 15:30:47 [INFO]: GET /api/pgs
2025-11-19 15:30:47 [INFO]: GET /api/pgs
2025-11-19 15:30:48 [INFO]: GET /api/pgs/undefined
2025-11-19 15:30:48 [INFO]: GET /api/pgs/undefined
2025-11-19 15:30:49 [INFO]: GET /api/pgs/undefined
2025-11-19 15:30:49 [INFO]: GET /api/pgs/undefined
2025-11-19 15:30:51 [INFO]: GET /api/pgs
2025-11-19 15:30:51 [INFO]: GET /api/pgs
2025-11-19 15:31:03 [INFO]: GET /api/pgs/1
2025-11-19 15:31:03 [INFO]: GET /api/pgs/1
2025-11-19 15:31:04 [INFO]: GET /api/pgs/1
2025-11-19 15:31:04 [INFO]: GET /api/pgs/1
2025-11-19 15:31:05 [INFO]: GET /api/pgs
2025-11-19 15:31:05 [INFO]: GET /api/pgs
2025-11-19 15:31:07 [INFO]: GET /api/pgs/1
2025-11-19 15:31:07 [INFO]: GET /api/pgs/1
2025-11-19 15:31:08 [INFO]: GET /api/user/bookings
2025-11-19 15:31:08 [INFO]: GET /api/user/bookings
2025-11-19 15:31:09 [INFO]: GET /api/pgs/1
2025-11-19 15:31:09 [INFO]: GET /api/pgs/1
2025-11-19 16:24:08 [INFO]: GET /api/pgs
2025-11-19 16:24:08 [INFO]: GET /api/pgs
2025-11-19 16:28:07 [INFO]: POST /api/auth/login
2025-11-19 16:28:22 [INFO]: GET /api/user/bookings
2025-11-19 16:28:22 [INFO]: GET /api/user/bookings
2025-11-19 16:28:43 [INFO]: GET /api/pgs
2025-11-19 16:28:43 [INFO]: GET /api/pgs
2025-11-19 16:28:44 [INFO]: GET /api/pgs/undefined
2025-11-19 16:28:44 [INFO]: GET /api/pgs/undefined
2025-11-19 16:28:45 [INFO]: GET /api/pgs/undefined
2025-11-19 16:28:45 [INFO]: GET /api/pgs/undefined
2025-11-19 16:28:50 [INFO]: GET /api/pgs
2025-11-19 16:28:51 [INFO]: GET /api/pgs
2025-11-19 16:29:02 [INFO]: GET /api/pgs/undefined
2025-11-19 16:29:02 [INFO]: GET /api/pgs/undefined
2025-11-19 16:29:03 [INFO]: GET /api/pgs/undefined
2025-11-19 16:29:03 [INFO]: GET /api/pgs/undefined
2025-11-19 16:30:08 [INFO]: GET /api/pgs
2025-11-19 16:30:08 [INFO]: GET /api/pgs
2025-11-19 16:30:11 [INFO]: GET /api/pgs/undefined
2025-11-19 16:30:11 [INFO]: GET /api/pgs/undefined
2025-11-19 16:30:12 [INFO]: GET /api/pgs/undefined
2025-11-19 16:30:12 [INFO]: GET /api/pgs/undefined
2025-11-19 16:32:59 [INFO]: GET /api/pgs
2025-11-19 16:32:59 [INFO]: GET /api/pgs
2025-11-19 16:33:01 [INFO]: GET /api/pgs/undefined
2025-11-19 16:33:01 [INFO]: GET /api/pgs/undefined
2025-11-19 16:33:02 [INFO]: GET /api/pgs/undefined
2025-11-19 16:33:02 [INFO]: GET /api/pgs/undefined
2025-11-19 16:33:05 [INFO]: GET /api/pgs
2025-11-19 16:33:05 [INFO]: GET /api/pgs
2025-11-19 16:33:07 [INFO]: GET /api/pgs/undefined
2025-11-19 16:33:07 [INFO]: GET /api/pgs/undefined
2025-11-19 16:33:07 [INFO]: GET /api/pgs
2025-11-19 16:33:07 [INFO]: GET /api/pgs
2025-11-19 16:33:08 [INFO]: GET /api/pgs/undefined
2025-11-19 16:33:08 [INFO]: GET /api/pgs/undefined
2025-11-19 16:33:08 [INFO]: GET /api/pgs/undefined
2025-11-19 16:33:08 [INFO]: GET /api/pgs/undefined
2025-11-19 16:33:08 [INFO]: GET /api/pgs
2025-11-19 16:33:08 [INFO]: GET /api/pgs
2025-11-19 16:33:08 [INFO]: GET /api/pgs/undefined
2025-11-19 16:33:08 [INFO]: GET /api/pgs/undefined
2025-11-19 16:33:09 [INFO]: GET /api/pgs/undefined
2025-11-19 16:33:09 [INFO]: GET /api/pgs/undefined
2025-11-19 16:33:09 [INFO]: GET /api/pgs
2025-11-19 16:33:09 [INFO]: GET /api/pgs
2025-11-19 16:33:09 [INFO]: GET /api/user/bookings
2025-11-19 16:33:09 [INFO]: GET /api/user/bookings
2025-11-19 16:33:09 [INFO]: GET /api/pgs/undefined
2025-11-19 16:33:10 [INFO]: GET /api/pgs/undefined
2025-11-19 16:33:12 [INFO]: GET /api/pgs
2025-11-19 16:33:12 [INFO]: GET /api/pgs
2025-11-19 16:33:14 [INFO]: GET /api/pgs/undefined
2025-11-19 16:33:14 [INFO]: GET /api/pgs/undefined
2025-11-19 16:33:15 [INFO]: GET /api/pgs/undefined
2025-11-19 16:33:15 [INFO]: GET /api/pgs/undefined
2025-11-19 16:35:47 [INFO]: GET /api/pgs
2025-11-19 16:35:47 [INFO]: GET /api/pgs
2025-11-19 16:35:52 [INFO]: GET /api/pgs
2025-11-19 16:35:52 [INFO]: GET /api/pgs
2025-11-19 16:35:53 [INFO]: GET /api/pgs/undefined
2025-11-19 16:35:53 [INFO]: GET /api/pgs/undefined
2025-11-19 16:35:54 [INFO]: GET /api/pgs/undefined
2025-11-19 16:35:54 [INFO]: GET /api/pgs/undefined
2025-11-19 16:40:48 [INFO]: GET /api/pgs
2025-11-19 16:40:48 [INFO]: GET /api/pgs
2025-11-19 16:40:51 [INFO]: GET /api/pgs/undefined
2025-11-19 16:40:51 [INFO]: GET /api/pgs/undefined
2025-11-19 16:40:52 [INFO]: GET /api/pgs/undefined
2025-11-19 16:40:52 [INFO]: GET /api/pgs/undefined
2025-11-19 16:40:55 [INFO]: GET /api/pgs
2025-11-19 16:40:55 [INFO]: GET /api/pgs
2025-11-19 16:46:04 [INFO]: GET /api/pgs
2025-11-19 16:46:04 [INFO]: GET /api/pgs
2025-11-19 16:46:13 [INFO]: GET /api/pgs/undefined
2025-11-19 16:46:13 [INFO]: GET /api/pgs/undefined
2025-11-19 16:46:14 [INFO]: GET /api/pgs/undefined
2025-11-19 16:46:14 [INFO]: GET /api/pgs/undefined
2025-11-19 16:46:15 [INFO]: GET /api/pgs
2025-11-19 16:46:15 [INFO]: GET /api/pgs
2025-11-19 16:46:19 [INFO]: GET /api/user/bookings
2025-11-19 16:46:19 [INFO]: GET /api/user/bookings
2025-11-19 16:46:31 [INFO]: POST /api/auth/login
2025-11-19 16:46:43 [INFO]: GET /api/owner/pgs
2025-11-19 16:46:43 [INFO]: GET /api/owner/bookings
2025-11-19 16:46:43 [INFO]: LEGACY /api/owner/pgs HIT for user 6913721b71ca5a4fc82f4912
2025-11-19 16:46:43 [INFO]: GET /api/owner/pgs
2025-11-19 16:46:43 [INFO]: LEGACY /api/owner/pgs HIT for user 6913721b71ca5a4fc82f4912
2025-11-19 16:46:44 [INFO]: LEGACY /api/owner/bookings HIT for user 6913721b71ca5a4fc82f4912
2025-11-19 16:46:44 [INFO]: GET /api/owner/bookings
2025-11-19 16:46:44 [INFO]: LEGACY /api/owner/bookings HIT for user 6913721b71ca5a4fc82f4912
2025-11-19 16:47:56 [INFO]: POST /api/auth/login
2025-11-19 16:48:03 [INFO]: GET /api/user/bookings
2025-11-19 16:48:03 [INFO]: GET /api/user/bookings
2025-11-19 16:48:07 [INFO]: GET /api/pgs
2025-11-19 16:48:07 [INFO]: GET /api/pgs
2025-11-19 16:48:09 [INFO]: GET /api/pgs/undefined
2025-11-19 16:48:09 [INFO]: GET /api/pgs/undefined
2025-11-19 16:48:10 [INFO]: GET /api/pgs/undefined
2025-11-19 16:48:10 [INFO]: GET /api/pgs/undefined
2025-11-19 16:48:14 [INFO]: GET /api/pgs
2025-11-19 16:48:14 [INFO]: GET /api/pgs
2025-11-19 16:48:45 [INFO]: POST /api/auth/signup
2025-11-19 16:48:55 [INFO]: GET /api/owner/pgs
2025-11-19 16:48:55 [INFO]: GET /api/owner/bookings
2025-11-19 16:48:55 [INFO]: LEGACY /api/owner/pgs HIT for user 691da79598fab01978a1a81f
2025-11-19 16:48:55 [INFO]: LEGACY /api/owner/bookings HIT for user 691da79598fab01978a1a81f
2025-11-19 16:48:56 [INFO]: GET /api/owner/pgs
2025-11-19 16:48:56 [INFO]: LEGACY /api/owner/pgs HIT for user 691da79598fab01978a1a81f
2025-11-19 16:48:56 [INFO]: GET /api/owner/bookings
2025-11-19 16:48:56 [INFO]: LEGACY /api/owner/bookings HIT for user 691da79598fab01978a1a81f
2025-11-19 16:49:58 [INFO]: POST /api/pgs
2025-11-19 16:49:59 [INFO]: GET /api/owner/pgs
2025-11-19 16:49:59 [INFO]: LEGACY /api/owner/pgs HIT for user 691da79598fab01978a1a81f
2025-11-19 16:50:16 [INFO]: PUT /api/pgs/undefined
2025-11-19 16:50:18 [INFO]: PUT /api/pgs/undefined
2025-11-19 16:50:26 [INFO]: DELETE /api/pgs/undefined
2025-11-19 16:50:27 [INFO]: DELETE /api/pgs/undefined
2025-11-19 16:50:30 [INFO]: GET /api/owner/pgs
2025-11-19 16:50:30 [INFO]: GET /api/owner/bookings
2025-11-19 16:50:30 [INFO]: LEGACY /api/owner/bookings HIT for user 691da79598fab01978a1a81f
2025-11-19 16:50:30 [INFO]: LEGACY /api/owner/pgs HIT for user 691da79598fab01978a1a81f
2025-11-19 16:50:32 [INFO]: GET /api/owner/pgs
2025-11-19 16:50:32 [INFO]: GET /api/owner/bookings
2025-11-19 16:50:33 [INFO]: LEGACY /api/owner/pgs HIT for user 691da79598fab01978a1a81f
2025-11-19 16:50:33 [INFO]: LEGACY /api/owner/bookings HIT for user 691da79598fab01978a1a81f
2025-11-19 16:50:33 [INFO]: GET /api/owner/pgs
2025-11-19 16:50:33 [INFO]: LEGACY /api/owner/pgs HIT for user 691da79598fab01978a1a81f
2025-11-19 16:50:33 [INFO]: GET /api/owner/bookings
2025-11-19 16:50:33 [INFO]: LEGACY /api/owner/bookings HIT for user 691da79598fab01978a1a81f
2025-11-19 17:14:54 [INFO]: GET /api/pgs
2025-11-19 17:14:54 [INFO]: GET /api/pgs
2025-11-19 17:14:56 [INFO]: GET /api/pgs
2025-11-19 17:14:56 [INFO]: GET /api/pgs
2025-11-19 17:16:51 [INFO]: GET /api/pgs
2025-11-19 17:16:51 [INFO]: GET /api/pgs
2025-11-19 17:21:02 [INFO]: GET /api/pgs
2025-11-19 17:21:02 [INFO]: GET /api/pgs
2025-11-19 17:21:02 [INFO]: GET /api/pgs/undefined
2025-11-19 17:21:02 [INFO]: GET /api/pgs/undefined
2025-11-19 17:21:04 [INFO]: GET /api/pgs/undefined
2025-11-19 17:21:04 [INFO]: GET /api/pgs/undefined
2025-11-19 17:21:06 [INFO]: GET /api/pgs
2025-11-19 17:21:06 [INFO]: GET /api/pgs
2025-11-19 17:21:14 [INFO]: GET /api/pgs
2025-11-19 17:21:14 [INFO]: GET /api/pgs
2025-11-19 18:32:27 [INFO]: GET /api/pgs
2025-11-19 18:32:27 [INFO]: GET /api/pgs
2025-11-19 18:41:09 [INFO]: GET /api/pgs/undefined
2025-11-19 18:41:09 [INFO]: GET /api/pgs/undefined
2025-11-19 18:41:10 [INFO]: GET /api/pgs/undefined
2025-11-19 18:41:10 [INFO]: GET /api/pgs/undefined
2025-11-19 18:41:12 [INFO]: GET /api/pgs
2025-11-19 18:41:13 [INFO]: GET /api/pgs
2025-11-19 18:45:05 [INFO]: GET /api/pgs
2025-11-19 18:45:05 [INFO]: GET /api/pgs
2025-11-19 18:45:06 [INFO]: GET /api/pgs/undefined
2025-11-19 18:45:06 [INFO]: GET /api/pgs/undefined
2025-11-19 18:45:07 [INFO]: GET /api/pgs/undefined
2025-11-19 18:45:07 [INFO]: GET /api/pgs/undefined
2025-11-19 18:46:28 [INFO]: GET /api/pgs/undefined
2025-11-19 18:46:28 [INFO]: GET /api/pgs/undefined
2025-11-19 18:46:29 [INFO]: GET /api/pgs/undefined
2025-11-19 18:46:29 [INFO]: GET /api/pgs/undefined
2025-11-19 18:48:31 [INFO]: GET /api/pgs/undefined
2025-11-19 18:48:31 [INFO]: GET /api/pgs/undefined
2025-11-19 18:48:32 [INFO]: GET /api/pgs/undefined
2025-11-19 18:48:32 [INFO]: GET /api/pgs/undefined
2025-11-19 18:48:33 [INFO]: GET /api/pgs
2025-11-19 18:48:33 [INFO]: GET /api/pgs
2025-11-19 18:48:35 [INFO]: GET /api/pgs/undefined
2025-11-19 18:48:35 [INFO]: GET /api/pgs/undefined
2025-11-19 18:48:36 [INFO]: GET /api/pgs/undefined
2025-11-19 18:48:36 [INFO]: GET /api/pgs/undefined
2025-11-19 18:48:42 [INFO]: GET /api/pgs/undefined
2025-11-19 18:48:42 [INFO]: GET /api/pgs/undefined
2025-11-19 18:48:43 [INFO]: GET /api/pgs/undefined
2025-11-19 18:48:43 [INFO]: GET /api/pgs/undefined
2025-11-19 18:49:45 [INFO]: GET /api/pgs
2025-11-19 18:49:45 [INFO]: GET /api/pgs
2025-11-19 18:49:47 [INFO]: GET /api/pgs
2025-11-19 18:49:47 [INFO]: GET /api/pgs
2025-11-19 18:49:51 [INFO]: GET /api/pgs/undefined
2025-11-19 18:49:51 [INFO]: GET /api/pgs/undefined
2025-11-19 18:49:52 [INFO]: GET /api/pgs/undefined
2025-11-19 18:49:52 [INFO]: GET /api/pgs/undefined
2025-11-19 18:51:22 [INFO]: GET /api/pgs
2025-11-19 18:51:22 [INFO]: GET /api/pgs
2025-11-19 18:51:25 [INFO]: GET /api/pgs
2025-11-19 18:51:25 [INFO]: GET /api/pgs
2025-11-19 18:51:30 [INFO]: GET /api/pgs/undefined
2025-11-19 18:51:30 [INFO]: GET /api/pgs/undefined
2025-11-19 18:51:31 [INFO]: GET /api/pgs/undefined
2025-11-19 18:51:31 [INFO]: GET /api/pgs/undefined
2025-11-19 18:51:47 [INFO]: GET /api/pgs
2025-11-19 18:51:47 [INFO]: GET /api/pgs
2025-11-19 18:51:48 [INFO]: GET /api/pgs/undefined
2025-11-19 18:51:48 [INFO]: GET /api/pgs/undefined
2025-11-19 18:51:49 [INFO]: GET /api/pgs/undefined
2025-11-19 18:51:49 [INFO]: GET /api/pgs/undefined
2025-11-19 18:51:50 [INFO]: GET /api/pgs
2025-11-19 18:51:50 [INFO]: GET /api/pgs
2025-11-19 18:51:51 [INFO]: GET /api/pgs/undefined
2025-11-19 18:51:51 [INFO]: GET /api/pgs/undefined
2025-11-19 18:51:51 [INFO]: GET /api/pgs
2025-11-19 18:51:51 [INFO]: GET /api/pgs
2025-11-19 18:51:52 [INFO]: GET /api/pgs/undefined
2025-11-19 18:51:52 [INFO]: GET /api/pgs/undefined
2025-11-19 18:51:54 [INFO]: GET /api/pgs/undefined
2025-11-19 18:51:54 [INFO]: GET /api/pgs/undefined
2025-11-19 18:51:55 [INFO]: GET /api/pgs
2025-11-19 18:51:55 [INFO]: GET /api/pgs
2025-11-19 18:51:55 [INFO]: GET /api/pgs/undefined
2025-11-19 18:51:55 [INFO]: GET /api/pgs/undefined
2025-11-19 18:51:55 [INFO]: GET /api/pgs/undefined
2025-11-19 18:51:55 [INFO]: GET /api/pgs/undefined
2025-11-19 18:51:56 [INFO]: GET /api/pgs
2025-11-19 18:51:56 [INFO]: GET /api/pgs
2025-11-19 18:51:56 [INFO]: GET /api/pgs/undefined
2025-11-19 18:51:56 [INFO]: GET /api/pgs/undefined
2025-11-19 18:52:01 [INFO]: GET /api/owner/pgs
2025-11-19 18:52:01 [INFO]: GET /api/owner/bookings
2025-11-19 18:52:01 [INFO]: LEGACY /api/owner/pgs HIT for user 691da79598fab01978a1a81f
2025-11-19 18:52:01 [INFO]: GET /api/owner/pgs
2025-11-19 18:52:01 [INFO]: LEGACY /api/owner/pgs HIT for user 691da79598fab01978a1a81f
2025-11-19 18:52:02 [INFO]: LEGACY /api/owner/bookings HIT for user 691da79598fab01978a1a81f
2025-11-19 18:52:02 [INFO]: GET /api/owner/bookings
2025-11-19 18:52:02 [INFO]: LEGACY /api/owner/bookings HIT for user 691da79598fab01978a1a81f
2025-11-19 18:52:10 [INFO]: DELETE /api/pgs/undefined
2025-11-19 18:52:11 [INFO]: DELETE /api/pgs/undefined
2025-11-19 18:52:34 [INFO]: GET /api/owner/pgs
2025-11-19 18:52:34 [INFO]: GET /api/owner/bookings
2025-11-19 18:52:34 [INFO]: LEGACY /api/owner/bookings HIT for user 691da79598fab01978a1a81f
2025-11-19 18:52:34 [INFO]: LEGACY /api/owner/pgs HIT for user 691da79598fab01978a1a81f
2025-11-19 18:52:37 [INFO]: GET /api/owner/pgs
2025-11-19 18:52:37 [INFO]: GET /api/owner/bookings
2025-11-19 18:52:37 [INFO]: LEGACY /api/owner/pgs HIT for user 691da79598fab01978a1a81f
2025-11-19 18:52:37 [INFO]: LEGACY /api/owner/bookings HIT for user 691da79598fab01978a1a81f
2025-11-19 18:52:37 [INFO]: GET /api/owner/pgs
2025-11-19 18:52:37 [INFO]: LEGACY /api/owner/pgs HIT for user 691da79598fab01978a1a81f
2025-11-19 18:52:37 [INFO]: GET /api/owner/bookings
2025-11-19 18:52:37 [INFO]: LEGACY /api/owner/bookings HIT for user 691da79598fab01978a1a81f
2025-11-19 18:52:45 [INFO]: GET /api/pgs
2025-11-19 18:55:05 [INFO]: Registered routes:
POST /signup
POST /login
GET /me
GET /
GET /owner/mine
GET /owner/pgs
GET /:id
POST /
PUT /:id
DELETE /:id
POST /
GET /user
GET /owner
PUT /:id/status
GET /api/owner/pgs
GET /api/owner/bookings
GET /health
GET /health/simple
2025-11-19 18:55:05 [INFO]: Server running on port 5000
2025-11-19 18:56:33 [INFO]: GET /api/owner/pgs
2025-11-19 18:56:33 [INFO]: GET /api/owner/bookings
2025-11-19 18:56:34 [INFO]: LEGACY /api/owner/bookings HIT for user 691da79598fab01978a1a81f
2025-11-19 18:56:34 [INFO]: LEGACY /api/owner/pgs HIT for user 691da79598fab01978a1a81f
2025-11-19 18:56:34 [INFO]: GET /api/owner/bookings
2025-11-19 18:56:34 [INFO]: GET /api/owner/pgs
2025-11-19 18:56:34 [INFO]: LEGACY /api/owner/pgs HIT for user 691da79598fab01978a1a81f
2025-11-19 18:56:34 [INFO]: LEGACY /api/owner/bookings HIT for user 691da79598fab01978a1a81f
2025-11-19 18:56:38 [INFO]: GET /api/pgs
2025-11-19 18:56:39 [INFO]: GET /api/pgs
2025-11-19 18:56:41 [INFO]: GET /api/pgs/undefined
2025-11-19 18:56:41 [INFO]: GET /api/pgs/undefined
2025-11-19 18:56:42 [INFO]: GET /api/pgs/undefined
2025-11-19 18:56:42 [INFO]: GET /api/pgs/undefined
2025-11-19 19:00:29 [INFO]: GET /api/pgs
2025-11-19 19:00:29 [INFO]: GET /api/owner/pgs
2025-11-19 19:00:29 [INFO]: GET /api/owner/bookings
2025-11-19 19:00:29 [INFO]: GET /api/pgs
2025-11-19 19:00:30 [INFO]: LEGACY /api/owner/pgs HIT for user 691da79598fab01978a1a81f
2025-11-19 19:00:30 [INFO]: LEGACY /api/owner/bookings HIT for user 691da79598fab01978a1a81f
2025-11-19 19:00:31 [INFO]: GET /api/owner/pgs
2025-11-19 19:00:31 [INFO]: GET /api/owner/bookings
2025-11-19 19:00:33 [INFO]: LEGACY /api/owner/bookings HIT for user 691da79598fab01978a1a81f
2025-11-19 19:00:33 [INFO]: LEGACY /api/owner/pgs HIT for user 691da79598fab01978a1a81f
2025-11-19 19:17:40 [INFO]: GET /api/pgs
2025-11-19 19:17:41 [INFO]: GET /api/pgs
2025-11-19 19:17:46 [INFO]: GET /api/pgs/undefined
2025-11-19 19:17:46 [INFO]: GET /api/pgs/undefined
2025-11-19 19:17:47 [INFO]: GET /api/pgs/undefined
2025-11-19 19:17:47 [INFO]: GET /api/pgs/undefined
2025-11-19 19:48:15 [INFO]: GET /api/pgs/undefined
2025-11-19 19:48:16 [INFO]: GET /api/pgs/undefined
2025-11-19 19:48:17 [INFO]: GET /api/pgs/undefined
2025-11-19 19:48:17 [INFO]: GET /api/pgs/undefined
2025-11-19 19:48:39 [INFO]: GET /api/pgs/undefined
2025-11-19 19:48:39 [INFO]: GET /api/pgs/undefined
2025-11-19 19:48:40 [INFO]: GET /api/pgs/undefined
2025-11-19 19:48:40 [INFO]: GET /api/pgs/undefined
2025-11-19 20:03:32 [INFO]: GET /api/owner/pgs
2025-11-19 20:03:32 [INFO]: GET /api/owner/bookings
2025-11-19 20:03:32 [INFO]: LEGACY /api/owner/pgs HIT for user 691da79598fab01978a1a81f
2025-11-19 20:03:32 [INFO]: GET /api/owner/pgs
2025-11-19 20:03:32 [INFO]: LEGACY /api/owner/pgs HIT for user 691da79598fab01978a1a81f
2025-11-19 20:03:33 [INFO]: LEGACY /api/owner/bookings HIT for user 691da79598fab01978a1a81f
2025-11-19 20:03:33 [INFO]: GET /api/owner/bookings
2025-11-19 20:03:33 [INFO]: LEGACY /api/owner/bookings HIT for user 691da79598fab01978a1a81f
